<?xml version="1.0" encoding="UTF-8"?>
<testsuite xmlns:xsi="http://www.w3.org/2001/XMLSchema-instance" xsi:noNamespaceSchemaLocation="https://maven.apache.org/surefire/maven-surefire-plugin/xsd/surefire-test-report.xsd" name="edu.upf.TwitterFilterTest" time="0.03" tests="1" errors="0" skipped="0" failures="0">
  <properties>
    <property name="sun.desktop" value="gnome"/>
    <property name="awt.toolkit" value="sun.awt.X11.XToolkit"/>
    <property name="java.specification.version" value="11"/>
    <property name="sun.cpu.isalist" value=""/>
    <property name="sun.jnu.encoding" value="UTF-8"/>
    <property name="java.class.path" value="/home/boo/uni/2022-2023/T2/DS/lab/lab1/lab1/target/test-classes:/home/boo/uni/2022-2023/T2/DS/lab/lab1/lab1/target/classes:/home/boo/.m2/repository/junit/junit/4.11/junit-4.11.jar:/home/boo/.m2/repository/org/hamcrest/hamcrest-core/1.3/hamcrest-core-1.3.jar:/home/boo/.m2/repository/com/amazonaws/aws-java-sdk-s3/1.12.399/aws-java-sdk-s3-1.12.399.jar:/home/boo/.m2/repository/com/amazonaws/aws-java-sdk-kms/1.12.399/aws-java-sdk-kms-1.12.399.jar:/home/boo/.m2/repository/com/amazonaws/aws-java-sdk-core/1.12.399/aws-java-sdk-core-1.12.399.jar:/home/boo/.m2/repository/commons-logging/commons-logging/1.1.3/commons-logging-1.1.3.jar:/home/boo/.m2/repository/commons-codec/commons-codec/1.15/commons-codec-1.15.jar:/home/boo/.m2/repository/org/apache/httpcomponents/httpclient/4.5.13/httpclient-4.5.13.jar:/home/boo/.m2/repository/org/apache/httpcomponents/httpcore/4.4.13/httpcore-4.4.13.jar:/home/boo/.m2/repository/software/amazon/ion/ion-java/1.0.2/ion-java-1.0.2.jar:/home/boo/.m2/repository/com/fasterxml/jackson/core/jackson-databind/2.12.7.1/jackson-databind-2.12.7.1.jar:/home/boo/.m2/repository/com/fasterxml/jackson/core/jackson-annotations/2.12.7/jackson-annotations-2.12.7.jar:/home/boo/.m2/repository/com/fasterxml/jackson/core/jackson-core/2.12.7/jackson-core-2.12.7.jar:/home/boo/.m2/repository/com/fasterxml/jackson/dataformat/jackson-dataformat-cbor/2.12.6/jackson-dataformat-cbor-2.12.6.jar:/home/boo/.m2/repository/joda-time/joda-time/2.8.1/joda-time-2.8.1.jar:/home/boo/.m2/repository/com/amazonaws/jmespath-java/1.12.399/jmespath-java-1.12.399.jar:/home/boo/.m2/repository/org/jsoup/jsoup/1.13.1/jsoup-1.13.1.jar:/home/boo/.m2/repository/com/google/code/gson/gson/2.10.1/gson-2.10.1.jar:"/>
    <property name="java.vm.vendor" value="Ubuntu"/>
    <property name="sun.arch.data.model" value="64"/>
    <property name="java.vendor.url" value="https://ubuntu.com/"/>
    <property name="user.timezone" value=""/>
    <property name="java.vm.specification.version" value="11"/>
    <property name="os.name" value="Linux"/>
    <property name="sun.java.launcher" value="SUN_STANDARD"/>
    <property name="user.country" value="US"/>
    <property name="sun.boot.library.path" value="/usr/lib/jvm/java-11-openjdk-amd64/lib"/>
    <property name="sun.java.command" value="/home/boo/uni/2022-2023/T2/DS/lab/lab1/lab1/target/surefire/surefirebooter12877561463716471344.jar /home/boo/uni/2022-2023/T2/DS/lab/lab1/lab1/target/surefire 2023-02-04T23-22-22_323-jvmRun1 surefire7380410909997631465tmp surefire_05272059444169958087tmp"/>
    <property name="jdk.debug" value="release"/>
    <property name="surefire.test.class.path" value="/home/boo/uni/2022-2023/T2/DS/lab/lab1/lab1/target/test-classes:/home/boo/uni/2022-2023/T2/DS/lab/lab1/lab1/target/classes:/home/boo/.m2/repository/junit/junit/4.11/junit-4.11.jar:/home/boo/.m2/repository/org/hamcrest/hamcrest-core/1.3/hamcrest-core-1.3.jar:/home/boo/.m2/repository/com/amazonaws/aws-java-sdk-s3/1.12.399/aws-java-sdk-s3-1.12.399.jar:/home/boo/.m2/repository/com/amazonaws/aws-java-sdk-kms/1.12.399/aws-java-sdk-kms-1.12.399.jar:/home/boo/.m2/repository/com/amazonaws/aws-java-sdk-core/1.12.399/aws-java-sdk-core-1.12.399.jar:/home/boo/.m2/repository/commons-logging/commons-logging/1.1.3/commons-logging-1.1.3.jar:/home/boo/.m2/repository/commons-codec/commons-codec/1.15/commons-codec-1.15.jar:/home/boo/.m2/repository/org/apache/httpcomponents/httpclient/4.5.13/httpclient-4.5.13.jar:/home/boo/.m2/repository/org/apache/httpcomponents/httpcore/4.4.13/httpcore-4.4.13.jar:/home/boo/.m2/repository/software/amazon/ion/ion-java/1.0.2/ion-java-1.0.2.jar:/home/boo/.m2/repository/com/fasterxml/jackson/core/jackson-databind/2.12.7.1/jackson-databind-2.12.7.1.jar:/home/boo/.m2/repository/com/fasterxml/jackson/core/jackson-annotations/2.12.7/jackson-annotations-2.12.7.jar:/home/boo/.m2/repository/com/fasterxml/jackson/core/jackson-core/2.12.7/jackson-core-2.12.7.jar:/home/boo/.m2/repository/com/fasterxml/jackson/dataformat/jackson-dataformat-cbor/2.12.6/jackson-dataformat-cbor-2.12.6.jar:/home/boo/.m2/repository/joda-time/joda-time/2.8.1/joda-time-2.8.1.jar:/home/boo/.m2/repository/com/amazonaws/jmespath-java/1.12.399/jmespath-java-1.12.399.jar:/home/boo/.m2/repository/org/jsoup/jsoup/1.13.1/jsoup-1.13.1.jar:/home/boo/.m2/repository/com/google/code/gson/gson/2.10.1/gson-2.10.1.jar:"/>
    <property name="sun.cpu.endian" value="little"/>
    <property name="user.home" value="/home/boo"/>
    <property name="user.language" value="en"/>
    <property name="java.specification.vendor" value="Oracle Corporation"/>
    <property name="java.version.date" value="2022-10-18"/>
    <property name="java.home" value="/usr/lib/jvm/java-11-openjdk-amd64"/>
    <property name="file.separator" value="/"/>
    <property name="basedir" value="/home/boo/uni/2022-2023/T2/DS/lab/lab1/lab1"/>
    <property name="java.vm.compressedOopsMode" value="Zero based"/>
    <property name="line.separator" value="&#10;"/>
    <property name="java.specification.name" value="Java Platform API Specification"/>
    <property name="java.vm.specification.vendor" value="Oracle Corporation"/>
    <property name="java.awt.graphicsenv" value="sun.awt.X11GraphicsEnvironment"/>
    <property name="surefire.real.class.path" value="/home/boo/uni/2022-2023/T2/DS/lab/lab1/lab1/target/surefire/surefirebooter12877561463716471344.jar"/>
    <property name="sun.management.compiler" value="HotSpot 64-Bit Tiered Compilers"/>
    <property name="java.runtime.version" value="11.0.17+8-post-Ubuntu-1ubuntu222.04"/>
    <property name="user.name" value="boo"/>
    <property name="path.separator" value=":"/>
    <property name="os.version" value="5.15.0-58-generic"/>
    <property name="java.runtime.name" value="OpenJDK Runtime Environment"/>
    <property name="file.encoding" value="UTF-8"/>
    <property name="java.vm.name" value="OpenJDK 64-Bit Server VM"/>
    <property name="localRepository" value="/home/boo/.m2/repository"/>
    <property name="java.vendor.url.bug" value="https://bugs.launchpad.net/ubuntu/+source/openjdk-lts"/>
    <property name="java.io.tmpdir" value="/tmp"/>
    <property name="java.version" value="11.0.17"/>
    <property name="user.dir" value="/home/boo/uni/2022-2023/T2/DS/lab/lab1/lab1"/>
    <property name="os.arch" value="amd64"/>
    <property name="java.vm.specification.name" value="Java Virtual Machine Specification"/>
    <property name="java.awt.printerjob" value="sun.print.PSPrinterJob"/>
    <property name="sun.os.patch.level" value="unknown"/>
    <property name="java.library.path" value="/usr/java/packages/lib:/usr/lib/x86_64-linux-gnu/jni:/lib/x86_64-linux-gnu:/usr/lib/x86_64-linux-gnu:/usr/lib/jni:/lib:/usr/lib"/>
    <property name="java.vm.info" value="mixed mode, sharing"/>
    <property name="java.vendor" value="Ubuntu"/>
    <property name="java.vm.version" value="11.0.17+8-post-Ubuntu-1ubuntu222.04"/>
    <property name="sun.io.unicode.encoding" value="UnicodeLittle"/>
    <property name="java.class.version" value="55.0"/>
  </properties>
  <testcase name="shouldAnswerWithTrue" classname="edu.upf.TwitterFilterTest" time="0.002"/>
</testsuite>